4045078385041
Program Executed in 5.9000000000003494e-05
============================= test session starts =============================
platform win32 -- Python 3.8.0, pytest-6.2.1, py-1.10.0, pluggy-0.13.1 -- C:\Users\ammad\Desktop\CodingExample_Test_Memoization\venv\Scripts\python.exe
cachedir: .pytest_cache
rootdir: C:\Users\ammad\Desktop\CodingExample_Test_Memoization
plugins: describe-it-0.1.0
collecting ... collected 1 item

test.py::Test_memoization::test_TS1_TC1[[ memoization-statement-coverage — Should passed in attempt of doing memoize after implementing minimum function ]] FAILED

================================== FAILURES ===================================
_ Test_memoization.test_TS1_TC1[[ memoization-statement-coverage — Should passed in attempt of doing memoize after implementing minimum function ]] _

self = <test.Test_memoization object at 0x0000015858232250>

    @pytest.mark.it('Should passed in attempt of doing memoize after implementing minimum function')
    def test_TS1_TC1(self):
        # Initial test with BDD/TDD -> Fail - Pass - Scenario
    
        varReturnValue = 5
    
        # Postional Argument (key) with lambda anonymous function
        varMemoizeValue = lambda key: varReturnValue
    
        # Use assertion for returned value check with the Key passed for failed or passed TC scenario
>       memoized = memoization.memoize(varMemoizeValue, lambda key: key, 1000)

test.py:44: 
_ _ _ _ _ _ _ _ _ _ _ _ _ _ _ _ _ _ _ _ _ _ _ _ _ _ _ _ _ _ _ _ _ _ _ _ _ _ _ _

value1 = <function Test_memoization.test_TS1_TC1.<locals>.<lambda> at 0x000001585818E8B0>
varResolver = <function Test_memoization.test_TS1_TC1.<locals>.<lambda> at 0x000001585822C280>
intTimeout = 1000

    def memoize(value1, varResolver, intTimeout: int):
>       if value1 <= 3:
E       TypeError: '<=' not supported between instances of 'function' and 'int'

memoization.py:18: TypeError
=========================== short test summary info ===========================
FAILED test.py::Test_memoization::test_TS1_TC1[[ memoization-statement-coverage — Should passed in attempt of doing memoize after implementing minimum function ]]
============================== 1 failed in 0.11s ==============================
